# JRE version: Java(TM) SE Runtime Environment (8.0_05-b13) (build 1.8.0_05-b13)
# Java VM: Java HotSpot(TM) 64-Bit Server VM (25.5-b02 mixed mode bsd-amd64 compressed oops)
Heap:
 PSYoungGen      total 318976K, used 208821K [0x00000007aab00000, 0x00000007bfe80000, 0x00000007c0000000)
  eden space 289280K, 72% used [0x00000007aab00000,0x00000007b76ed798,0x00000007bc580000)
  from space 29696K, 0% used [0x00000007bc580000,0x00000007bc580000,0x00000007be280000)
  to   space 28672K, 0% used [0x00000007be280000,0x00000007be280000,0x00000007bfe80000)
 ParOldGen       total 93696K, used 63707K [0x0000000780000000, 0x0000000785b80000, 0x00000007aab00000)
  object space 93696K, 67% used [0x0000000780000000,0x0000000783e36d28,0x0000000785b80000)
 Metaspace       used 70245K, capacity 76554K, committed 78592K, reserved 1116160K
  class space    used 8821K, capacity 10437K, committed 11008K, reserved 1048576K
GC Heap History (10 events):
Event: 24386.240 GC heap before
{Heap before GC invocations=123 (full 26):
 PSYoungGen      total 310784K, used 14031K [0x00000007aab00000, 0x00000007c0000000, 0x00000007c0000000)
  eden space 279040K, 0% used [0x00000007aab00000,0x00000007aab00000,0x00000007bbb80000)
  from space 31744K, 44% used [0x00000007bbb80000,0x00000007bc933f40,0x00000007bda80000)
  to   space 30208K, 0% used [0x00000007be280000,0x00000007be280000,0x00000007c0000000)
 ParOldGen       total 93696K, used 55720K [0x0000000780000000, 0x0000000785b80000, 0x00000007aab00000)
  object space 93696K, 59% used [0x0000000780000000,0x000000078366a348,0x0000000785b80000)
 Metaspace       used 69690K, capacity 75344K, committed 78592K, reserved 1116160K
  class space    used 8735K, capacity 10223K, committed 11008K, reserved 1048576K
Event: 24387.249 GC heap after
Heap after GC invocations=123 (full 26):
 PSYoungGen      total 310784K, used 0K [0x00000007aab00000, 0x00000007c0000000, 0x00000007c0000000)
  eden space 279040K, 0% used [0x00000007aab00000,0x00000007aab00000,0x00000007bbb80000)
  from space 31744K, 0% used [0x00000007bbb80000,0x00000007bbb80000,0x00000007bda80000)
  to   space 30208K, 0% used [0x00000007be280000,0x00000007be280000,0x00000007c0000000)
 ParOldGen       total 93696K, used 63297K [0x0000000780000000, 0x0000000785b80000, 0x00000007aab00000)
  object space 93696K, 67% used [0x0000000780000000,0x0000000783dd06b0,0x0000000785b80000)
 Metaspace       used 69438K, capacity 74660K, committed 78592K, reserved 1116160K
  class space    used 8674K, capacity 10094K, committed 11008K, reserved 1048576K
}
Event: 24516.821 GC heap before
{Heap before GC invocations=124 (full 26):
 PSYoungGen      total 310784K, used 265302K [0x00000007aab00000, 0x00000007c0000000, 0x00000007c0000000)
  eden space 279040K, 95% used [0x00000007aab00000,0x00000007bae15b90,0x00000007bbb80000)
  from space 31744K, 0% used [0x00000007bbb80000,0x00000007bbb80000,0x00000007bda80000)
  to   space 30208K, 0% used [0x00000007be280000,0x00000007be280000,0x00000007c0000000)
 ParOldGen       total 93696K, used 63297K [0x0000000780000000, 0x0000000785b80000, 0x00000007aab00000)
  object space 93696K, 67% used [0x0000000780000000,0x0000000783dd06b0,0x0000000785b80000)
 Metaspace       used 69687K, capacity 75338K, committed 78592K, reserved 1116160K
  class space    used 8720K, capacity 10215K, committed 11008K, reserved 1048576K
Event: 24516.869 GC heap after
Heap after GC invocations=124 (full 26):
 PSYoungGen      total 319488K, used 6503K [0x00000007aab00000, 0x00000007c0000000, 0x00000007c0000000)
  eden space 289280K, 0% used [0x00000007aab00000,0x00000007aab00000,0x00000007bc580000)
  from space 30208K, 21% used [0x00000007be280000,0x00000007be8d9d60,0x00000007c0000000)
  to   space 29696K, 0% used [0x00000007bc580000,0x00000007bc580000,0x00000007be280000)
 ParOldGen       total 93696K, used 63305K [0x0000000780000000, 0x0000000785b80000, 0x00000007aab00000)
  object space 93696K, 67% used [0x0000000780000000,0x0000000783dd26b0,0x0000000785b80000)
 Metaspace       used 69687K, capacity 75338K, committed 78592K, reserved 1116160K
  class space    used 8720K, capacity 10215K, committed 11008K, reserved 1048576K
}
Event: 24516.869 GC heap before
{Heap before GC invocations=125 (full 27):
 PSYoungGen      total 319488K, used 6503K [0x00000007aab00000, 0x00000007c0000000, 0x00000007c0000000)
  eden space 289280K, 0% used [0x00000007aab00000,0x00000007aab00000,0x00000007bc580000)
  from space 30208K, 21% used [0x00000007be280000,0x00000007be8d9d60,0x00000007c0000000)
  to   space 29696K, 0% used [0x00000007bc580000,0x00000007bc580000,0x00000007be280000)
 ParOldGen       total 93696K, used 63305K [0x0000000780000000, 0x0000000785b80000, 0x00000007aab00000)
  object space 93696K, 67% used [0x0000000780000000,0x0000000783dd26b0,0x0000000785b80000)
 Metaspace       used 69687K, capacity 75338K, committed 78592K, reserved 1116160K
  class space    used 8720K, capacity 10215K, committed 11008K, reserved 1048576K
Event: 24517.425 GC heap after
Heap after GC invocations=125 (full 27):
 PSYoungGen      total 319488K, used 0K [0x00000007aab00000, 0x00000007c0000000, 0x00000007c0000000)
  eden space 289280K, 0% used [0x00000007aab00000,0x00000007aab00000,0x00000007bc580000)
  from space 30208K, 0% used [0x00000007be280000,0x00000007be280000,0x00000007c0000000)
  to   space 29696K, 0% used [0x00000007bc580000,0x00000007bc580000,0x00000007be280000)
 ParOldGen       total 93696K, used 64742K [0x0000000780000000, 0x0000000785b80000, 0x00000007aab00000)
  object space 93696K, 69% used [0x0000000780000000,0x0000000783f39ad8,0x0000000785b80000)
 Metaspace       used 69653K, capacity 75224K, committed 78592K, reserved 1116160K
  class space    used 8712K, capacity 10181K, committed 11008K, reserved 1048576K
}
Event: 24683.420 GC heap before
{Heap before GC invocations=126 (full 27):
 PSYoungGen      total 319488K, used 264755K [0x00000007aab00000, 0x00000007c0000000, 0x00000007c0000000)
  eden space 289280K, 91% used [0x00000007aab00000,0x00000007bad8cf10,0x00000007bc580000)
  from space 30208K, 0% used [0x00000007be280000,0x00000007be280000,0x00000007c0000000)
  to   space 29696K, 0% used [0x00000007bc580000,0x00000007bc580000,0x00000007be280000)
 ParOldGen       total 93696K, used 64742K [0x0000000780000000, 0x0000000785b80000, 0x00000007aab00000)
  object space 93696K, 69% used [0x0000000780000000,0x0000000783f39ad8,0x0000000785b80000)
 Metaspace       used 69867K, capacity 75762K, committed 78592K, reserved 1116160K
  class space    used 8750K, capacity 10290K, committed 11008K, reserved 1048576K
Event: 24683.458 GC heap after
Heap after GC invocations=126 (full 27):
 PSYoungGen      total 318976K, used 6510K [0x00000007aab00000, 0x00000007bfe80000, 0x00000007c0000000)
  eden space 289280K, 0% used [0x00000007aab00000,0x00000007aab00000,0x00000007bc580000)
  from space 29696K, 21% used [0x00000007bc580000,0x00000007bcbdbb90,0x00000007be280000)
  to   space 28672K, 0% used [0x00000007be280000,0x00000007be280000,0x00000007bfe80000)
 ParOldGen       total 93696K, used 64750K [0x0000000780000000, 0x0000000785b80000, 0x00000007aab00000)
  object space 93696K, 69% used [0x0000000780000000,0x0000000783f3bad8,0x0000000785b80000)
 Metaspace       used 69867K, capacity 75762K, committed 78592K, reserved 1116160K
  class space    used 8750K, capacity 10290K, committed 11008K, reserved 1048576K
}
Event: 24683.458 GC heap before
{Heap before GC invocations=127 (full 28):
 PSYoungGen      total 318976K, used 6510K [0x00000007aab00000, 0x00000007bfe80000, 0x00000007c0000000)
  eden space 289280K, 0% used [0x00000007aab00000,0x00000007aab00000,0x00000007bc580000)
  from space 29696K, 21% used [0x00000007bc580000,0x00000007bcbdbb90,0x00000007be280000)
  to   space 28672K, 0% used [0x00000007be280000,0x00000007be280000,0x00000007bfe80000)
 ParOldGen       total 93696K, used 64750K [0x0000000780000000, 0x0000000785b80000, 0x00000007aab00000)
  object space 93696K, 69% used [0x0000000780000000,0x0000000783f3bad8,0x0000000785b80000)
 Metaspace       used 69867K, capacity 75762K, committed 78592K, reserved 1116160K
  class space    used 8750K, capacity 10290K, committed 11008K, reserved 1048576K
Event: 24684.024 GC heap after
Heap after GC invocations=127 (full 28):
 PSYoungGen      total 318976K, used 0K [0x00000007aab00000, 0x00000007bfe80000, 0x00000007c0000000)
  eden space 289280K, 0% used [0x00000007aab00000,0x00000007aab00000,0x00000007bc580000)
  from space 29696K, 0% used [0x00000007bc580000,0x00000007bc580000,0x00000007be280000)
  to   space 28672K, 0% used [0x00000007be280000,0x00000007be280000,0x00000007bfe80000)
 ParOldGen       total 93696K, used 63707K [0x0000000780000000, 0x0000000785b80000, 0x00000007aab00000)
  object space 93696K, 67% used [0x0000000780000000,0x0000000783e36d28,0x0000000785b80000)
 Metaspace       used 69833K, capacity 75648K, committed 78592K, reserved 1116160K
  class space    used 8742K, capacity 10256K, committed 11008K, reserved 1048576K
}

